# JRE version: Java(TM) SE Runtime Environment (19.0.1+10) (build 19.0.1+10-21)
# Java VM: Java HotSpot(TM) 64-Bit Server VM (19.0.1+10-21, mixed mode, sharing, tiered, compressed oops, compressed class ptrs, g1 gc, windows-amd64)
GC Precious Log:
 CardTable entry size: 512
 Card Set container configuration: InlinePtr #cards 5 size 8 Array Of Cards #cards 12 size 40 Howl #buckets 4 coarsen threshold 1843 Howl Bitmap #cards 512 size 80 coarsen threshold 460 Card regions per heap region 1 cards per card region 2048
 CPUs: 8 total, 8 available
 Memory: 7873M
 Large Page Support: Disabled
 NUMA Support: Disabled
 Compressed Oops: Enabled (32-bit)
 Heap Region Size: 1M
 Heap Min Capacity: 8M
 Heap Initial Capacity: 124M
 Heap Max Capacity: 1970M
 Pre-touch: Disabled
 Parallel Workers: 8
 Concurrent Workers: 2
 Concurrent Refinement Workers: 8
 Periodic GC: Disabled
Heap:
 garbage-first heap   total 126976K, used 34105K [0x0000000084e00000, 0x0000000100000000)
  region size 1024K, 5 young (5120K), 2 survivors (2048K)
 Metaspace       used 20001K, committed 20416K, reserved 1114112K
  class space    used 2775K, committed 2944K, reserved 1048576K
GC Heap History (8 events):
Event: 0.523 GC heap before
{Heap before GC invocations=0 (full 0):
 garbage-first heap   total 126976K, used 22528K [0x0000000084e00000, 0x0000000100000000)
  region size 1024K, 23 young (23552K), 0 survivors (0K)
 Metaspace       used 5170K, committed 5376K, reserved 1114112K
  class space    used 547K, committed 640K, reserved 1048576K
}
Event: 0.526 GC heap after
{Heap after GC invocations=1 (full 0):
 garbage-first heap   total 126976K, used 2645K [0x0000000084e00000, 0x0000000100000000)
  region size 1024K, 3 young (3072K), 3 survivors (3072K)
 Metaspace       used 5170K, committed 5376K, reserved 1114112K
  class space    used 547K, committed 640K, reserved 1048576K
}
Event: 1.084 GC heap before
{Heap before GC invocations=1 (full 0):
 garbage-first heap   total 126976K, used 37461K [0x0000000084e00000, 0x0000000100000000)
  region size 1024K, 37 young (37888K), 3 survivors (3072K)
 Metaspace       used 13547K, committed 13824K, reserved 1114112K
  class space    used 1881K, committed 1984K, reserved 1048576K
}
Event: 1.088 GC heap after
{Heap after GC invocations=2 (full 0):
 garbage-first heap   total 126976K, used 6712K [0x0000000084e00000, 0x0000000100000000)
  region size 1024K, 5 young (5120K), 5 survivors (5120K)
 Metaspace       used 13547K, committed 13824K, reserved 1114112K
  class space    used 1881K, committed 1984K, reserved 1048576K
}
Event: 9.766 GC heap before
{Heap before GC invocations=2 (full 0):
 garbage-first heap   total 126976K, used 79416K [0x0000000084e00000, 0x0000000100000000)
  region size 1024K, 74 young (75776K), 5 survivors (5120K)
 Metaspace       used 19701K, committed 20032K, reserved 1114112K
  class space    used 2729K, committed 2880K, reserved 1048576K
}
Event: 9.784 GC heap after
{Heap after GC invocations=3 (full 0):
 garbage-first heap   total 126976K, used 28787K [0x0000000084e00000, 0x0000000100000000)
  region size 1024K, 10 young (10240K), 10 survivors (10240K)
 Metaspace       used 19701K, committed 20032K, reserved 1114112K
  class space    used 2729K, committed 2880K, reserved 1048576K
}
Event: 11.309 GC heap before
{Heap before GC invocations=3 (full 0):
 garbage-first heap   total 126976K, used 32883K [0x0000000084e00000, 0x0000000100000000)
  region size 1024K, 14 young (14336K), 10 survivors (10240K)
 Metaspace       used 19829K, committed 20160K, reserved 1114112K
  class space    used 2744K, committed 2880K, reserved 1048576K
}
Event: 11.320 GC heap after
{Heap after GC invocations=4 (full 0):
 garbage-first heap   total 126976K, used 32057K [0x0000000084e00000, 0x0000000100000000)
  region size 1024K, 2 young (2048K), 2 survivors (2048K)
 Metaspace       used 19829K, committed 20160K, reserved 1114112K
  class space    used 2744K, committed 2880K, reserved 1048576K
}

